  TextureDisplay.cpp
C:\Users\alain\source\repos\Creencia_SFMLProject\Creencia_SFMLProject\TextureDisplay.cpp(39,73): warning C4267: 'argument': conversion from 'size_t' to 'int', possible loss of data
C:\Users\alain\source\repos\Creencia_SFMLProject\Creencia_SFMLProject\TextureDisplay.cpp(44,10): warning C4244: 'initializing': conversion from 'int' to 'float', possible loss of data
C:\Users\alain\source\repos\Creencia_SFMLProject\Creencia_SFMLProject\TextureDisplay.cpp(45,10): warning C4244: 'initializing': conversion from 'int' to 'float', possible loss of data
  TextureManager.cpp
C:\Users\alain\source\repos\Creencia_SFMLProject\Creencia_SFMLProject\TextureManager.cpp(77,1): warning C4267: 'return': conversion from 'size_t' to 'int', possible loss of data
C:\Users\alain\source\repos\Creencia_SFMLProject\Creencia_SFMLProject\TextureManager.cpp(92,1): warning C4267: 'return': conversion from 'size_t' to 'int', possible loss of data
  Generating Code...
AGameObject.obj : warning LNK4099: PDB 'vc143.pdb' was not found with 'AGameObject.obj' or at 'C:\Users\alain\source\repos\Creencia_SFMLProject\x64\Debug\vc143.pdb'; linking object as if no debug info
GameObjectManager.obj : warning LNK4099: PDB 'vc143.pdb' was not found with 'GameObjectManager.obj' or at 'C:\Users\alain\source\repos\Creencia_SFMLProject\x64\Debug\vc143.pdb'; linking object as if no debug info
IETThread.obj : warning LNK4099: PDB 'vc143.pdb' was not found with 'IETThread.obj' or at 'C:\Users\alain\source\repos\Creencia_SFMLProject\x64\Debug\vc143.pdb'; linking object as if no debug info
main.obj : warning LNK4099: PDB 'vc143.pdb' was not found with 'main.obj' or at 'C:\Users\alain\source\repos\Creencia_SFMLProject\x64\Debug\vc143.pdb'; linking object as if no debug info
MathUtils.obj : warning LNK4099: PDB 'vc143.pdb' was not found with 'MathUtils.obj' or at 'C:\Users\alain\source\repos\Creencia_SFMLProject\x64\Debug\vc143.pdb'; linking object as if no debug info
StringUtils.obj : warning LNK4099: PDB 'vc143.pdb' was not found with 'StringUtils.obj' or at 'C:\Users\alain\source\repos\Creencia_SFMLProject\x64\Debug\vc143.pdb'; linking object as if no debug info
sfml-graphics-s-d.lib(Transformable.obj) : warning LNK4099: PDB 'sfml-graphics-s.pdb' was not found with 'sfml-graphics-s-d.lib(Transformable.obj)' or at 'C:\Users\alain\source\repos\Creencia_SFMLProject\x64\Debug\sfml-graphics-s.pdb'; linking object as if no debug info
sfml-graphics-s-d.lib(Texture.obj) : warning LNK4099: PDB 'sfml-graphics-s.pdb' was not found with 'sfml-graphics-s-d.lib(Texture.obj)' or at 'C:\Users\alain\source\repos\Creencia_SFMLProject\x64\Debug\sfml-graphics-s.pdb'; linking object as if no debug info
sfml-graphics-s-d.lib(RenderTarget.obj) : warning LNK4099: PDB 'sfml-graphics-s.pdb' was not found with 'sfml-graphics-s-d.lib(RenderTarget.obj)' or at 'C:\Users\alain\source\repos\Creencia_SFMLProject\x64\Debug\sfml-graphics-s.pdb'; linking object as if no debug info
sfml-graphics-s-d.lib(Sprite.obj) : warning LNK4099: PDB 'sfml-graphics-s.pdb' was not found with 'sfml-graphics-s-d.lib(Sprite.obj)' or at 'C:\Users\alain\source\repos\Creencia_SFMLProject\x64\Debug\sfml-graphics-s.pdb'; linking object as if no debug info
sfml-graphics-s-d.lib(RenderStates.obj) : warning LNK4099: PDB 'sfml-graphics-s.pdb' was not found with 'sfml-graphics-s-d.lib(RenderStates.obj)' or at 'C:\Users\alain\source\repos\Creencia_SFMLProject\x64\Debug\sfml-graphics-s.pdb'; linking object as if no debug info
sfml-graphics-s-d.lib(Color.obj) : warning LNK4099: PDB 'sfml-graphics-s.pdb' was not found with 'sfml-graphics-s-d.lib(Color.obj)' or at 'C:\Users\alain\source\repos\Creencia_SFMLProject\x64\Debug\sfml-graphics-s.pdb'; linking object as if no debug info
sfml-graphics-s-d.lib(RenderWindow.obj) : warning LNK4099: PDB 'sfml-graphics-s.pdb' was not found with 'sfml-graphics-s-d.lib(RenderWindow.obj)' or at 'C:\Users\alain\source\repos\Creencia_SFMLProject\x64\Debug\sfml-graphics-s.pdb'; linking object as if no debug info
sfml-graphics-s-d.lib(Font.obj) : warning LNK4099: PDB 'sfml-graphics-s.pdb' was not found with 'sfml-graphics-s-d.lib(Font.obj)' or at 'C:\Users\alain\source\repos\Creencia_SFMLProject\x64\Debug\sfml-graphics-s.pdb'; linking object as if no debug info
sfml-graphics-s-d.lib(Text.obj) : warning LNK4099: PDB 'sfml-graphics-s.pdb' was not found with 'sfml-graphics-s-d.lib(Text.obj)' or at 'C:\Users\alain\source\repos\Creencia_SFMLProject\x64\Debug\sfml-graphics-s.pdb'; linking object as if no debug info
sfml-graphics-s-d.lib(Transform.obj) : warning LNK4099: PDB 'sfml-graphics-s.pdb' was not found with 'sfml-graphics-s-d.lib(Transform.obj)' or at 'C:\Users\alain\source\repos\Creencia_SFMLProject\x64\Debug\sfml-graphics-s.pdb'; linking object as if no debug info
sfml-graphics-s-d.lib(Image.obj) : warning LNK4099: PDB 'sfml-graphics-s.pdb' was not found with 'sfml-graphics-s-d.lib(Image.obj)' or at 'C:\Users\alain\source\repos\Creencia_SFMLProject\x64\Debug\sfml-graphics-s.pdb'; linking object as if no debug info
sfml-graphics-s-d.lib(GLExtensions.obj) : warning LNK4099: PDB 'sfml-graphics-s.pdb' was not found with 'sfml-graphics-s-d.lib(GLExtensions.obj)' or at 'C:\Users\alain\source\repos\Creencia_SFMLProject\x64\Debug\sfml-graphics-s.pdb'; linking object as if no debug info
sfml-graphics-s-d.lib(GLCheck.obj) : warning LNK4099: PDB 'sfml-graphics-s.pdb' was not found with 'sfml-graphics-s-d.lib(GLCheck.obj)' or at 'C:\Users\alain\source\repos\Creencia_SFMLProject\x64\Debug\sfml-graphics-s.pdb'; linking object as if no debug info
sfml-graphics-s-d.lib(TextureSaver.obj) : warning LNK4099: PDB 'sfml-graphics-s.pdb' was not found with 'sfml-graphics-s-d.lib(TextureSaver.obj)' or at 'C:\Users\alain\source\repos\Creencia_SFMLProject\x64\Debug\sfml-graphics-s.pdb'; linking object as if no debug info
sfml-graphics-s-d.lib(View.obj) : warning LNK4099: PDB 'sfml-graphics-s.pdb' was not found with 'sfml-graphics-s-d.lib(View.obj)' or at 'C:\Users\alain\source\repos\Creencia_SFMLProject\x64\Debug\sfml-graphics-s.pdb'; linking object as if no debug info
sfml-graphics-s-d.lib(BlendMode.obj) : warning LNK4099: PDB 'sfml-graphics-s.pdb' was not found with 'sfml-graphics-s-d.lib(BlendMode.obj)' or at 'C:\Users\alain\source\repos\Creencia_SFMLProject\x64\Debug\sfml-graphics-s.pdb'; linking object as if no debug info
sfml-graphics-s-d.lib(Vertex.obj) : warning LNK4099: PDB 'sfml-graphics-s.pdb' was not found with 'sfml-graphics-s-d.lib(Vertex.obj)' or at 'C:\Users\alain\source\repos\Creencia_SFMLProject\x64\Debug\sfml-graphics-s.pdb'; linking object as if no debug info
sfml-graphics-s-d.lib(Shader.obj) : warning LNK4099: PDB 'sfml-graphics-s.pdb' was not found with 'sfml-graphics-s-d.lib(Shader.obj)' or at 'C:\Users\alain\source\repos\Creencia_SFMLProject\x64\Debug\sfml-graphics-s.pdb'; linking object as if no debug info
sfml-graphics-s-d.lib(VertexBuffer.obj) : warning LNK4099: PDB 'sfml-graphics-s.pdb' was not found with 'sfml-graphics-s-d.lib(VertexBuffer.obj)' or at 'C:\Users\alain\source\repos\Creencia_SFMLProject\x64\Debug\sfml-graphics-s.pdb'; linking object as if no debug info
sfml-graphics-s-d.lib(RenderTextureImplFBO.obj) : warning LNK4099: PDB 'sfml-graphics-s.pdb' was not found with 'sfml-graphics-s-d.lib(RenderTextureImplFBO.obj)' or at 'C:\Users\alain\source\repos\Creencia_SFMLProject\x64\Debug\sfml-graphics-s.pdb'; linking object as if no debug info
sfml-graphics-s-d.lib(VertexArray.obj) : warning LNK4099: PDB 'sfml-graphics-s.pdb' was not found with 'sfml-graphics-s-d.lib(VertexArray.obj)' or at 'C:\Users\alain\source\repos\Creencia_SFMLProject\x64\Debug\sfml-graphics-s.pdb'; linking object as if no debug info
sfml-graphics-s-d.lib(ImageLoader.obj) : warning LNK4099: PDB 'sfml-graphics-s.pdb' was not found with 'sfml-graphics-s-d.lib(ImageLoader.obj)' or at 'C:\Users\alain\source\repos\Creencia_SFMLProject\x64\Debug\sfml-graphics-s.pdb'; linking object as if no debug info
sfml-graphics-s-d.lib(Glsl.obj) : warning LNK4099: PDB 'sfml-graphics-s.pdb' was not found with 'sfml-graphics-s-d.lib(Glsl.obj)' or at 'C:\Users\alain\source\repos\Creencia_SFMLProject\x64\Debug\sfml-graphics-s.pdb'; linking object as if no debug info
sfml-graphics-s-d.lib(RenderTextureImpl.obj) : warning LNK4099: PDB 'sfml-graphics-s.pdb' was not found with 'sfml-graphics-s-d.lib(RenderTextureImpl.obj)' or at 'C:\Users\alain\source\repos\Creencia_SFMLProject\x64\Debug\sfml-graphics-s.pdb'; linking object as if no debug info
sfml-window-s-d.lib(VideoMode.obj) : warning LNK4099: PDB 'sfml-window-s.pdb' was not found with 'sfml-window-s-d.lib(VideoMode.obj)' or at 'C:\Users\alain\source\repos\Creencia_SFMLProject\x64\Debug\sfml-window-s.pdb'; linking object as if no debug info
sfml-window-s-d.lib(WindowBase.obj) : warning LNK4099: PDB 'sfml-window-s.pdb' was not found with 'sfml-window-s-d.lib(WindowBase.obj)' or at 'C:\Users\alain\source\repos\Creencia_SFMLProject\x64\Debug\sfml-window-s.pdb'; linking object as if no debug info
sfml-window-s-d.lib(Window.obj) : warning LNK4099: PDB 'sfml-window-s.pdb' was not found with 'sfml-window-s-d.lib(Window.obj)' or at 'C:\Users\alain\source\repos\Creencia_SFMLProject\x64\Debug\sfml-window-s.pdb'; linking object as if no debug info
sfml-window-s-d.lib(GlResource.obj) : warning LNK4099: PDB 'sfml-window-s.pdb' was not found with 'sfml-window-s-d.lib(GlResource.obj)' or at 'C:\Users\alain\source\repos\Creencia_SFMLProject\x64\Debug\sfml-window-s.pdb'; linking object as if no debug info
sfml-window-s-d.lib(Context.obj) : warning LNK4099: PDB 'sfml-window-s.pdb' was not found with 'sfml-window-s-d.lib(Context.obj)' or at 'C:\Users\alain\source\repos\Creencia_SFMLProject\x64\Debug\sfml-window-s.pdb'; linking object as if no debug info
sfml-window-s-d.lib(VideoModeImpl.obj) : warning LNK4099: PDB 'sfml-window-s.pdb' was not found with 'sfml-window-s-d.lib(VideoModeImpl.obj)' or at 'C:\Users\alain\source\repos\Creencia_SFMLProject\x64\Debug\sfml-window-s.pdb'; linking object as if no debug info
sfml-window-s-d.lib(Cursor.obj) : warning LNK4099: PDB 'sfml-window-s.pdb' was not found with 'sfml-window-s-d.lib(Cursor.obj)' or at 'C:\Users\alain\source\repos\Creencia_SFMLProject\x64\Debug\sfml-window-s.pdb'; linking object as if no debug info
sfml-window-s-d.lib(WindowImpl.obj) : warning LNK4099: PDB 'sfml-window-s.pdb' was not found with 'sfml-window-s-d.lib(WindowImpl.obj)' or at 'C:\Users\alain\source\repos\Creencia_SFMLProject\x64\Debug\sfml-window-s.pdb'; linking object as if no debug info
sfml-window-s-d.lib(GlContext.obj) : warning LNK4099: PDB 'sfml-window-s.pdb' was not found with 'sfml-window-s-d.lib(GlContext.obj)' or at 'C:\Users\alain\source\repos\Creencia_SFMLProject\x64\Debug\sfml-window-s.pdb'; linking object as if no debug info
sfml-window-s-d.lib(CursorImpl.obj) : warning LNK4099: PDB 'sfml-window-s.pdb' was not found with 'sfml-window-s-d.lib(CursorImpl.obj)' or at 'C:\Users\alain\source\repos\Creencia_SFMLProject\x64\Debug\sfml-window-s.pdb'; linking object as if no debug info
sfml-window-s-d.lib(JoystickManager.obj) : warning LNK4099: PDB 'sfml-window-s.pdb' was not found with 'sfml-window-s-d.lib(JoystickManager.obj)' or at 'C:\Users\alain\source\repos\Creencia_SFMLProject\x64\Debug\sfml-window-s.pdb'; linking object as if no debug info
sfml-window-s-d.lib(SensorManager.obj) : warning LNK4099: PDB 'sfml-window-s.pdb' was not found with 'sfml-window-s-d.lib(SensorManager.obj)' or at 'C:\Users\alain\source\repos\Creencia_SFMLProject\x64\Debug\sfml-window-s.pdb'; linking object as if no debug info
sfml-window-s-d.lib(WindowImplWin32.obj) : warning LNK4099: PDB 'sfml-window-s.pdb' was not found with 'sfml-window-s-d.lib(WindowImplWin32.obj)' or at 'C:\Users\alain\source\repos\Creencia_SFMLProject\x64\Debug\sfml-window-s.pdb'; linking object as if no debug info
sfml-window-s-d.lib(VulkanImplWin32.obj) : warning LNK4099: PDB 'sfml-window-s.pdb' was not found with 'sfml-window-s-d.lib(VulkanImplWin32.obj)' or at 'C:\Users\alain\source\repos\Creencia_SFMLProject\x64\Debug\sfml-window-s.pdb'; linking object as if no debug info
sfml-window-s-d.lib(WglContext.obj) : warning LNK4099: PDB 'sfml-window-s.pdb' was not found with 'sfml-window-s-d.lib(WglContext.obj)' or at 'C:\Users\alain\source\repos\Creencia_SFMLProject\x64\Debug\sfml-window-s.pdb'; linking object as if no debug info
sfml-window-s-d.lib(Joystick.obj) : warning LNK4099: PDB 'sfml-window-s.pdb' was not found with 'sfml-window-s-d.lib(Joystick.obj)' or at 'C:\Users\alain\source\repos\Creencia_SFMLProject\x64\Debug\sfml-window-s.pdb'; linking object as if no debug info
sfml-window-s-d.lib(JoystickImpl.obj) : warning LNK4099: PDB 'sfml-window-s.pdb' was not found with 'sfml-window-s-d.lib(JoystickImpl.obj)' or at 'C:\Users\alain\source\repos\Creencia_SFMLProject\x64\Debug\sfml-window-s.pdb'; linking object as if no debug info
sfml-window-s-d.lib(SensorImpl.obj) : warning LNK4099: PDB 'sfml-window-s.pdb' was not found with 'sfml-window-s-d.lib(SensorImpl.obj)' or at 'C:\Users\alain\source\repos\Creencia_SFMLProject\x64\Debug\sfml-window-s.pdb'; linking object as if no debug info
sfml-system-s-d.lib(Time.obj) : warning LNK4099: PDB 'sfml-system-s.pdb' was not found with 'sfml-system-s-d.lib(Time.obj)' or at 'C:\Users\alain\source\repos\Creencia_SFMLProject\x64\Debug\sfml-system-s.pdb'; linking object as if no debug info
sfml-system-s-d.lib(Clock.obj) : warning LNK4099: PDB 'sfml-system-s.pdb' was not found with 'sfml-system-s-d.lib(Clock.obj)' or at 'C:\Users\alain\source\repos\Creencia_SFMLProject\x64\Debug\sfml-system-s.pdb'; linking object as if no debug info
sfml-system-s-d.lib(Sleep.obj) : warning LNK4099: PDB 'sfml-system-s.pdb' was not found with 'sfml-system-s-d.lib(Sleep.obj)' or at 'C:\Users\alain\source\repos\Creencia_SFMLProject\x64\Debug\sfml-system-s.pdb'; linking object as if no debug info
sfml-system-s-d.lib(String.obj) : warning LNK4099: PDB 'sfml-system-s.pdb' was not found with 'sfml-system-s-d.lib(String.obj)' or at 'C:\Users\alain\source\repos\Creencia_SFMLProject\x64\Debug\sfml-system-s.pdb'; linking object as if no debug info
sfml-system-s-d.lib(Mutex.obj) : warning LNK4099: PDB 'sfml-system-s.pdb' was not found with 'sfml-system-s-d.lib(Mutex.obj)' or at 'C:\Users\alain\source\repos\Creencia_SFMLProject\x64\Debug\sfml-system-s.pdb'; linking object as if no debug info
sfml-system-s-d.lib(Lock.obj) : warning LNK4099: PDB 'sfml-system-s.pdb' was not found with 'sfml-system-s-d.lib(Lock.obj)' or at 'C:\Users\alain\source\repos\Creencia_SFMLProject\x64\Debug\sfml-system-s.pdb'; linking object as if no debug info
sfml-system-s-d.lib(Err.obj) : warning LNK4099: PDB 'sfml-system-s.pdb' was not found with 'sfml-system-s-d.lib(Err.obj)' or at 'C:\Users\alain\source\repos\Creencia_SFMLProject\x64\Debug\sfml-system-s.pdb'; linking object as if no debug info
sfml-system-s-d.lib(ThreadLocal.obj) : warning LNK4099: PDB 'sfml-system-s.pdb' was not found with 'sfml-system-s-d.lib(ThreadLocal.obj)' or at 'C:\Users\alain\source\repos\Creencia_SFMLProject\x64\Debug\sfml-system-s.pdb'; linking object as if no debug info
sfml-system-s-d.lib(ClockImpl.obj) : warning LNK4099: PDB 'sfml-system-s.pdb' was not found with 'sfml-system-s-d.lib(ClockImpl.obj)' or at 'C:\Users\alain\source\repos\Creencia_SFMLProject\x64\Debug\sfml-system-s.pdb'; linking object as if no debug info
sfml-system-s-d.lib(SleepImpl.obj) : warning LNK4099: PDB 'sfml-system-s.pdb' was not found with 'sfml-system-s-d.lib(SleepImpl.obj)' or at 'C:\Users\alain\source\repos\Creencia_SFMLProject\x64\Debug\sfml-system-s.pdb'; linking object as if no debug info
sfml-system-s-d.lib(MutexImpl.obj) : warning LNK4099: PDB 'sfml-system-s.pdb' was not found with 'sfml-system-s-d.lib(MutexImpl.obj)' or at 'C:\Users\alain\source\repos\Creencia_SFMLProject\x64\Debug\sfml-system-s.pdb'; linking object as if no debug info
sfml-system-s-d.lib(ThreadLocalImpl.obj) : warning LNK4099: PDB 'sfml-system-s.pdb' was not found with 'sfml-system-s-d.lib(ThreadLocalImpl.obj)' or at 'C:\Users\alain\source\repos\Creencia_SFMLProject\x64\Debug\sfml-system-s.pdb'; linking object as if no debug info
  Creencia_SFMLProject.vcxproj -> C:\Users\alain\source\repos\Creencia_SFMLProject\x64\Debug\Creencia_SFMLProject.exe
